<?xml version="1.0" encoding="UTF-8" ?>
<testsuite errors="2" failures="1" hostname="DESKTOP-LEK8MRK" name="workingtime.views.Employee.AllEmpScreenTest" skipped="0" tests="6" time="0.924" timestamp="2024-10-07T23:41:39">
  <properties>
[...]
</properties>
  <testcase classname="workingtime.views.Employee.AllEmpScreenTest" name="testSearchEmp" time="0.606" />
  <testcase classname="workingtime.views.Employee.AllEmpScreenTest" name="testUpdateEmp" time="0.023">
    <error message="-1" type="java.lang.ArrayIndexOutOfBoundsException">java.lang.ArrayIndexOutOfBoundsException: -1
	at java.util.Vector.elementData(Vector.java:739)
	at java.util.Vector.elementAt(Vector.java:482)
	at javax.swing.table.DefaultTableModel.getValueAt(DefaultTableModel.java:648)
	at workingtime.views.Employee.AllEmpScreen.updateEmp(AllEmpScreen.java:408)
	at workingtime.views.Employee.AllEmpScreenTest.testUpdateEmp(AllEmpScreenTest.java:37)
</error>
  </testcase>
  <testcase classname="workingtime.views.Employee.AllEmpScreenTest" name="testMain" time="0.035" />
  <testcase classname="workingtime.views.Employee.AllEmpScreenTest" name="testGetIconImage" time="0.082">
    <failure message="expected:&lt;null&gt; but was:&lt;sun.awt.image.ToolkitImage@29ba4338&gt;" type="junit.framework.AssertionFailedError">junit.framework.AssertionFailedError: expected:&lt;null&gt; but was:&lt;sun.awt.image.ToolkitImage@29ba4338&gt;
	at workingtime.views.Employee.AllEmpScreenTest.testGetIconImage(AllEmpScreenTest.java:69)
</failure>
  </testcase>
  <testcase classname="workingtime.views.Employee.AllEmpScreenTest" name="testDeleteEmp" time="0.072">
    <error message="-1" type="java.lang.ArrayIndexOutOfBoundsException">java.lang.ArrayIndexOutOfBoundsException: -1
	at java.util.Vector.elementData(Vector.java:739)
	at java.util.Vector.elementAt(Vector.java:482)
	at javax.swing.table.DefaultTableModel.getValueAt(DefaultTableModel.java:648)
	at workingtime.views.Employee.AllEmpScreen.deleteEmp(AllEmpScreen.java:432)
	at workingtime.views.Employee.AllEmpScreenTest.testDeleteEmp(AllEmpScreenTest.java:47)
</error>
  </testcase>
  <testcase classname="workingtime.views.Employee.AllEmpScreenTest" name="testConsult" time="0.034" />
  <system-out><![CDATA[searchEmp
updateEmp
main
getIconImage
deleteEmp
consult
]]></system-out>
  <system-err><![CDATA[]]></system-err>
</testsuite>
